<?xml version="1.0" encoding="UTF-8"?>
<!-- Generated by org.testng.reporters.JUnitReportReporter -->
<testsuite hostname="CSGBTPLT703" failures="0" tests="1" name="testRunners.Test_Runner_001" time="24.628" errors="0" timestamp="2024-11-26T15:37:05 IST" skipped="0">
  <testcase classname="testRunners.Test_Runner_001" name="runScenario" time="24.628"/>
  <system-out/>
</testsuite> <!-- testRunners.Test_Runner_001 -->
